This file contains any messages produced by compilers while
running configure, to aid debugging if configure makes a mistake.

It was created by iptables configure 1.4.10, which was
generated by GNU Autoconf 2.65.  Invocation command line was

  $ ./configure --host=mips-linux-uclibc --target=mips-linux-uclibc --with-kernel=/proj/osbnbuilder/52538/BBN_Linux/Branch/SDK/tclinux_phoenix/linux-2.6.36 --prefix=/proj/osbnbuilder/52538/BBN_Linux/Branch/SDK/tclinux_phoenix/apps/public/iptables-1.4.10/install --enable-static --disable-shared CFLAGS=-msoft-float -fomit-frame-pointer -mips32r2 -muclibc -O2

## --------- ##
## Platform. ##
## --------- ##

hostname = mbjsbbcf08
uname -m = i686
uname -r = 2.6.9-89.ELsmp
uname -s = Linux
uname -v = #1 SMP Mon Apr 20 10:34:33 EDT 2009

/usr/bin/uname -p = unknown
/bin/uname -X     = unknown

/bin/arch              = i686
/usr/bin/arch -k       = unknown
/usr/convex/getsysinfo = unknown
/usr/bin/hostinfo      = unknown
/bin/machine           = unknown
/usr/bin/oslevel       = unknown
/bin/universe          = unknown

PATH: /opt/trendchip/mips-linux-uclibc/usr/bin
PATH: /mtktools/LSF/8/8.0/linux2.6-glibc2.3-x86/bin
PATH: /mtktools/LSF/8/8.0/linux2.6-glibc2.3-x86/etc
PATH: /mtkoss/android_sdk/5.1/x86_64/platform-tools
PATH: /mtkeda/ado/bin/rhel-4.8-i686
PATH: /opt/trendchip/mips-linux-3.4.6/bin
PATH: /opt/trendchip/mips-linux-uclibc/usr/bin
PATH: /opt/CodeSourcery/mips-4.2/bin
PATH: /mtkeda/perforce/linux26x86_2010.2
PATH: /mtkeda/perforce/linux26x86_2010.2/p4v/bin
PATH: /mtkeda/perforce/linux26x86_2014.1
PATH: /mtkeda/perforce/linux26x86_2014.1/p4v/bin
PATH: /mtkoss/lzop/1.03-rhel-4.8/i686
PATH: /mtkoss/cmake/2.8.3-linux/i686/bin
PATH: /mtkoss/ccache/3.1.4-rhel-4.8/i686/bin
PATH: /mtkoss/gcc/3.4.6/i686/bin
PATH: /mtkoss/python/2.6/i686/bin
PATH: /mtkoss/jdk/1.6.0_02/bin
PATH: /mtkeda/perforce/linux26x86_2010.2
PATH: /mtkeda/perforce/linux26x86_2010.2/p4v/bin
PATH: /mtkeda/perforce/linux26x86_2014.1
PATH: /mtkeda/perforce/linux26x86_2014.1/p4v/bin
PATH: /mtkeda/LSF/7.04/7.0/linux2.6-glibc2.3-x86/etc
PATH: /mtkeda/LSF/7.04/7.0/linux2.6-glibc2.3-x86/bin
PATH: /usr/lib/qt-3.3/bin
PATH: /usr/kerberos/bin
PATH: /usr/local/bin
PATH: /bin
PATH: /usr/bin
PATH: /mtkeda/IT/bin
PATH: /mtkeda/IT/sbin
PATH: /mtkeda/CI/MtkCheckStyle
PATH: /mtkeda/CI/MtkCheckStyle/MtkCheckStyle
PATH: /mtkeda/apb
PATH: /mtkeda/CI/MtkCheckStyle
PATH: /mtkeda/Utility/LM_daemon/Synopsys/11.6/Linux/amd64/bin


## ----------- ##
## Core tests. ##
## ----------- ##

configure:2409: checking for a BSD-compatible install
configure:2477: result: /usr/bin/install -c
configure:2490: checking whether build environment is sane
configure:2540: result: yes
configure:2589: checking for mips-linux-uclibc-strip
configure:2616: result: mips-linux-uclibc-strip
configure:2681: checking for a thread-safe mkdir -p
configure:2720: result: /bin/mkdir -p
configure:2733: checking for gawk
configure:2749: found /bin/gawk
configure:2760: result: gawk
configure:2771: checking whether make sets $(MAKE)
configure:2793: result: yes
configure:2881: checking for mips-linux-uclibc-gcc
configure:2908: result: mips-linux-uclibc-gcc -mips32r2 -msoft-float
configure:3177: checking for C compiler version
configure:3186: mips-linux-uclibc-gcc -mips32r2 -msoft-float --version >&5
mips-linux-uclibc-gcc (GCC) 4.3.4
Copyright (C) 2008 Free Software Foundation, Inc.
This is free software; see the source for copying conditions.  There is NO
warranty; not even for MERCHANTABILITY or FITNESS FOR A PARTICULAR PURPOSE.

configure:3197: $? = 0
configure:3186: mips-linux-uclibc-gcc -mips32r2 -msoft-float -v >&5
Using built-in specs.
Target: mips-linux-uclibc
Configured with: /home/socsw_local/lino/toolchain/tc3262/buildroot-2009.11/output/toolchain/gcc-4.3.4/configure --prefix=/usr --build=i386-pc-linux-gnu --host=i386-pc-linux-gnu --target=mips-linux-uclibc --enable-languages=c,c++ --with-sysroot=/opt/trendchip/mips-linux-uclibc --with-build-time-tools=/opt/trendchip/mips-linux-uclibc/usr/mips-linux-uclibc/bin --disable-__cxa_atexit --enable-target-optspace --with-gnu-ld --disable-libssp --enable-tls --enable-shared --with-gmp=/home/socsw_local/lino/toolchain/tc3262/buildroot-2009.11/output/toolchain/gmp --with-mpfr=/home/socsw_local/lino/toolchain/tc3262/buildroot-2009.11/output/toolchain/mpfr --disable-nls --enable-threads --disable-multilib --disable-decimal-float --with-float=soft --with-abi=32 --with-tune=mips32r2
Thread model: posix
gcc version 4.3.4 (GCC) 
configure:3197: $? = 0
configure:3186: mips-linux-uclibc-gcc -mips32r2 -msoft-float -V >&5
mips-linux-uclibc-gcc: '-V' must come at the start of the command line
configure:3197: $? = 1
configure:3186: mips-linux-uclibc-gcc -mips32r2 -msoft-float -qversion >&5
mips-linux-uclibc-gcc: unrecognized option '-qversion'
mips-linux-uclibc-gcc: no input files
configure:3197: $? = 1
configure:3217: checking whether the C compiler works
configure:3239: mips-linux-uclibc-gcc -mips32r2 -msoft-float -msoft-float -fomit-frame-pointer -mips32r2 -muclibc -O2   conftest.c  >&5
configure:3243: $? = 0
configure:3292: result: yes
configure:3295: checking for C compiler default output file name
configure:3297: result: a.out
configure:3303: checking for suffix of executables
configure:3310: mips-linux-uclibc-gcc -mips32r2 -msoft-float -o conftest -msoft-float -fomit-frame-pointer -mips32r2 -muclibc -O2   conftest.c  >&5
configure:3314: $? = 0
configure:3336: result: 
configure:3358: checking whether we are cross compiling
configure:3366: mips-linux-uclibc-gcc -mips32r2 -msoft-float -o conftest -msoft-float -fomit-frame-pointer -mips32r2 -muclibc -O2   conftest.c  >&5
configure:3370: $? = 0
configure:3377: ./conftest
./configure: line 3379: ./conftest: cannot execute binary file
configure:3381: $? = 126
configure:3396: result: yes
configure:3401: checking for suffix of object files
configure:3423: mips-linux-uclibc-gcc -mips32r2 -msoft-float -c -msoft-float -fomit-frame-pointer -mips32r2 -muclibc -O2  conftest.c >&5
configure:3427: $? = 0
configure:3448: result: o
configure:3452: checking whether we are using the GNU C compiler
configure:3471: mips-linux-uclibc-gcc -mips32r2 -msoft-float -c -msoft-float -fomit-frame-pointer -mips32r2 -muclibc -O2  conftest.c >&5
configure:3471: $? = 0
configure:3480: result: yes
configure:3489: checking whether mips-linux-uclibc-gcc -mips32r2 -msoft-float accepts -g
configure:3509: mips-linux-uclibc-gcc -mips32r2 -msoft-float -c -g  conftest.c >&5
configure:3509: $? = 0
configure:3550: result: yes
configure:3567: checking for mips-linux-uclibc-gcc -mips32r2 -msoft-float option to accept ISO C89
configure:3631: mips-linux-uclibc-gcc -mips32r2 -msoft-float  -c -msoft-float -fomit-frame-pointer -mips32r2 -muclibc -O2  conftest.c >&5
configure:3631: $? = 0
configure:3644: result: none needed
configure:3675: checking for style of include used by make
configure:3703: result: GNU
configure:3728: checking dependency style of mips-linux-uclibc-gcc -mips32r2 -msoft-float
configure:3838: result: gcc3
configure:3854: checking whether mips-linux-uclibc-gcc -mips32r2 -msoft-float and cc understand -c and -o together
configure:3885: mips-linux-uclibc-gcc -mips32r2 -msoft-float -c conftest.c -o conftest2.o >&5
configure:3889: $? = 0
configure:3895: mips-linux-uclibc-gcc -mips32r2 -msoft-float -c conftest.c -o conftest2.o >&5
configure:3899: $? = 0
configure:3910: cc -c conftest.c >&5
configure:3914: $? = 0
configure:3922: cc -c conftest.c -o conftest2.o >&5
configure:3926: $? = 0
configure:3932: cc -c conftest.c -o conftest2.o >&5
configure:3936: $? = 0
configure:3954: result: yes
configure:4039: checking build system type
configure:4053: result: i686-pc-linux-gnu
configure:4073: checking host system type
configure:4086: result: mips-unknown-linux-uclibc
configure:4106: checking for a sed that does not truncate output
configure:4170: result: /bin/sed
configure:4188: checking for grep that handles long lines and -e
configure:4246: result: /bin/grep
configure:4251: checking for egrep
configure:4313: result: /bin/grep -E
configure:4318: checking for fgrep
configure:4380: result: /bin/grep -F
configure:4415: checking for ld used by mips-linux-uclibc-gcc -mips32r2 -msoft-float
configure:4482: result: /mtkeda/bbn/trendchip/mips-linux-uclibc/usr/mips-linux-uclibc/bin/ld
configure:4489: checking if the linker (/mtkeda/bbn/trendchip/mips-linux-uclibc/usr/mips-linux-uclibc/bin/ld) is GNU ld
configure:4504: result: yes
configure:4516: checking for BSD- or MS-compatible name lister (nm)
configure:4565: result: /opt/trendchip/mips-linux-uclibc/usr/bin/mips-linux-uclibc-nm -B
configure:4683: checking the name lister (/opt/trendchip/mips-linux-uclibc/usr/bin/mips-linux-uclibc-nm -B) interface
configure:4690: mips-linux-uclibc-gcc -mips32r2 -msoft-float -c -msoft-float -fomit-frame-pointer -mips32r2 -muclibc -O2  conftest.c >&5
configure:4693: /opt/trendchip/mips-linux-uclibc/usr/bin/mips-linux-uclibc-nm -B "conftest.o"
configure:4696: output
00000000 B some_variable
configure:4703: result: BSD nm
configure:4706: checking whether ln -s works
configure:4710: result: yes
configure:4718: checking the maximum length of command line arguments
configure:4838: result: 98304
configure:4855: checking whether the shell understands some XSI constructs
configure:4865: result: yes
configure:4869: checking whether the shell understands "+="
configure:4875: result: no
configure:4910: checking for /mtkeda/bbn/trendchip/mips-linux-uclibc/usr/mips-linux-uclibc/bin/ld option to reload object files
configure:4917: result: -r
configure:4946: checking for mips-linux-uclibc-objdump
configure:4962: found /opt/trendchip/mips-linux-uclibc/usr/bin/mips-linux-uclibc-objdump
configure:4973: result: mips-linux-uclibc-objdump
configure:5045: checking how to recognize dependent libraries
configure:5241: result: pass_all
configure:5261: checking for mips-linux-uclibc-ar
configure:5277: found /opt/trendchip/mips-linux-uclibc/usr/bin/mips-linux-uclibc-ar
configure:5288: result: mips-linux-uclibc-ar
configure:5366: checking for mips-linux-uclibc-strip
configure:5393: result: mips-linux-uclibc-strip
configure:5465: checking for mips-linux-uclibc-ranlib
configure:5481: found /opt/trendchip/mips-linux-uclibc/usr/bin/mips-linux-uclibc-ranlib
configure:5492: result: mips-linux-uclibc-ranlib
configure:5622: checking command to parse /opt/trendchip/mips-linux-uclibc/usr/bin/mips-linux-uclibc-nm -B output from mips-linux-uclibc-gcc -mips32r2 -msoft-float object
configure:5740: mips-linux-uclibc-gcc -mips32r2 -msoft-float -c -msoft-float -fomit-frame-pointer -mips32r2 -muclibc -O2  conftest.c >&5
configure:5743: $? = 0
configure:5747: /opt/trendchip/mips-linux-uclibc/usr/bin/mips-linux-uclibc-nm -B conftest.o \| sed -n -e 's/^.*[	 ]\([ABCDGIRSTW][ABCDGIRSTW]*\)[	 ][	 ]*\([_A-Za-z][_A-Za-z0-9]*\)$/\1 \2 \2/p' \> conftest.nm
configure:5750: $? = 0
configure:5804: mips-linux-uclibc-gcc -mips32r2 -msoft-float -o conftest -msoft-float -fomit-frame-pointer -mips32r2 -muclibc -O2   conftest.c conftstm.o >&5
configure:5807: $? = 0
configure:5845: result: ok
configure:6654: checking how to run the C preprocessor
configure:6685: mips-linux-uclibc-gcc -mips32r2 -msoft-float -E  conftest.c
configure:6685: $? = 0
configure:6699: mips-linux-uclibc-gcc -mips32r2 -msoft-float -E  conftest.c
conftest.c:11:28: error: ac_nonexistent.h: No such file or directory
configure:6699: $? = 1
configure: failed program was:
| /* confdefs.h */
| #define PACKAGE_NAME "iptables"
| #define PACKAGE_TARNAME "iptables"
| #define PACKAGE_VERSION "1.4.10"
| #define PACKAGE_STRING "iptables 1.4.10"
| #define PACKAGE_BUGREPORT ""
| #define PACKAGE_URL ""
| #define PACKAGE "iptables"
| #define VERSION "1.4.10"
| /* end confdefs.h.  */
| #include <ac_nonexistent.h>
configure:6724: result: mips-linux-uclibc-gcc -mips32r2 -msoft-float -E
configure:6744: mips-linux-uclibc-gcc -mips32r2 -msoft-float -E  conftest.c
configure:6744: $? = 0
configure:6758: mips-linux-uclibc-gcc -mips32r2 -msoft-float -E  conftest.c
conftest.c:11:28: error: ac_nonexistent.h: No such file or directory
configure:6758: $? = 1
configure: failed program was:
| /* confdefs.h */
| #define PACKAGE_NAME "iptables"
| #define PACKAGE_TARNAME "iptables"
| #define PACKAGE_VERSION "1.4.10"
| #define PACKAGE_STRING "iptables 1.4.10"
| #define PACKAGE_BUGREPORT ""
| #define PACKAGE_URL ""
| #define PACKAGE "iptables"
| #define VERSION "1.4.10"
| /* end confdefs.h.  */
| #include <ac_nonexistent.h>
configure:6787: checking for ANSI C header files
configure:6807: mips-linux-uclibc-gcc -mips32r2 -msoft-float -c -msoft-float -fomit-frame-pointer -mips32r2 -muclibc -O2  conftest.c >&5
configure:6807: $? = 0
configure:6891: result: yes
configure:6904: checking for sys/types.h
configure:6904: mips-linux-uclibc-gcc -mips32r2 -msoft-float -c -msoft-float -fomit-frame-pointer -mips32r2 -muclibc -O2  conftest.c >&5
configure:6904: $? = 0
configure:6904: result: yes
configure:6904: checking for sys/stat.h
configure:6904: mips-linux-uclibc-gcc -mips32r2 -msoft-float -c -msoft-float -fomit-frame-pointer -mips32r2 -muclibc -O2  conftest.c >&5
configure:6904: $? = 0
configure:6904: result: yes
configure:6904: checking for stdlib.h
configure:6904: mips-linux-uclibc-gcc -mips32r2 -msoft-float -c -msoft-float -fomit-frame-pointer -mips32r2 -muclibc -O2  conftest.c >&5
configure:6904: $? = 0
configure:6904: result: yes
configure:6904: checking for string.h
configure:6904: mips-linux-uclibc-gcc -mips32r2 -msoft-float -c -msoft-float -fomit-frame-pointer -mips32r2 -muclibc -O2  conftest.c >&5
configure:6904: $? = 0
configure:6904: result: yes
configure:6904: checking for memory.h
configure:6904: mips-linux-uclibc-gcc -mips32r2 -msoft-float -c -msoft-float -fomit-frame-pointer -mips32r2 -muclibc -O2  conftest.c >&5
configure:6904: $? = 0
configure:6904: result: yes
configure:6904: checking for strings.h
configure:6904: mips-linux-uclibc-gcc -mips32r2 -msoft-float -c -msoft-float -fomit-frame-pointer -mips32r2 -muclibc -O2  conftest.c >&5
configure:6904: $? = 0
configure:6904: result: yes
configure:6904: checking for inttypes.h
configure:6904: mips-linux-uclibc-gcc -mips32r2 -msoft-float -c -msoft-float -fomit-frame-pointer -mips32r2 -muclibc -O2  conftest.c >&5
configure:6904: $? = 0
configure:6904: result: yes
configure:6904: checking for stdint.h
configure:6904: mips-linux-uclibc-gcc -mips32r2 -msoft-float -c -msoft-float -fomit-frame-pointer -mips32r2 -muclibc -O2  conftest.c >&5
configure:6904: $? = 0
configure:6904: result: yes
configure:6904: checking for unistd.h
configure:6904: mips-linux-uclibc-gcc -mips32r2 -msoft-float -c -msoft-float -fomit-frame-pointer -mips32r2 -muclibc -O2  conftest.c >&5
configure:6904: $? = 0
configure:6904: result: yes
configure:6919: checking for dlfcn.h
configure:6919: mips-linux-uclibc-gcc -mips32r2 -msoft-float -c -msoft-float -fomit-frame-pointer -mips32r2 -muclibc -O2  conftest.c >&5
configure:6919: $? = 0
configure:6919: result: yes
configure:7073: checking for objdir
configure:7088: result: .libs
configure:7384: checking if mips-linux-uclibc-gcc -mips32r2 -msoft-float supports -fno-rtti -fno-exceptions
configure:7402: mips-linux-uclibc-gcc -mips32r2 -msoft-float -c -msoft-float -fomit-frame-pointer -mips32r2 -muclibc -O2  -fno-rtti -fno-exceptions conftest.c >&5
cc1: warning: command line option "-fno-rtti" is valid for C++/ObjC++ but not for C
configure:7406: $? = 0
configure:7419: result: no
configure:7439: checking for mips-linux-uclibc-gcc -mips32r2 -msoft-float option to produce PIC
configure:7711: result: -fPIC -DPIC
configure:7723: checking if mips-linux-uclibc-gcc -mips32r2 -msoft-float PIC flag -fPIC -DPIC works
configure:7741: mips-linux-uclibc-gcc -mips32r2 -msoft-float -c -msoft-float -fomit-frame-pointer -mips32r2 -muclibc -O2  -fPIC -DPIC -DPIC conftest.c >&5
configure:7745: $? = 0
configure:7758: result: yes
configure:7782: checking if mips-linux-uclibc-gcc -mips32r2 -msoft-float static flag -static works
configure:7810: result: yes
configure:7825: checking if mips-linux-uclibc-gcc -mips32r2 -msoft-float supports -c -o file.o
configure:7846: mips-linux-uclibc-gcc -mips32r2 -msoft-float -c -msoft-float -fomit-frame-pointer -mips32r2 -muclibc -O2  -o out/conftest2.o conftest.c >&5
configure:7850: $? = 0
configure:7872: result: yes
configure:7880: checking if mips-linux-uclibc-gcc -mips32r2 -msoft-float supports -c -o file.o
configure:7927: result: yes
configure:7960: checking whether the mips-linux-uclibc-gcc -mips32r2 -msoft-float linker (/mtkeda/bbn/trendchip/mips-linux-uclibc/usr/mips-linux-uclibc/bin/ld) supports shared libraries
configure:8951: result: yes
configure:9190: checking dynamic linker characteristics
configure:9623: mips-linux-uclibc-gcc -mips32r2 -msoft-float -o conftest -msoft-float -fomit-frame-pointer -mips32r2 -muclibc -O2   -Wl,-rpath -Wl,/foo conftest.c  >&5
configure:9623: $? = 0
configure:9853: result: GNU/Linux ld.so
configure:9955: checking how to hardcode library paths into programs
configure:9980: result: immediate
configure:10500: checking whether stripping libraries is possible
configure:10505: result: yes
configure:10540: checking if libtool supports shared libraries
configure:10542: result: yes
configure:10545: checking whether to build shared libraries
configure:10566: result: no
configure:10569: checking whether to build static libraries
configure:10573: result: yes
configure:10679: checking whether the linker accepts -Wl,--no-as-needed
configure:10698: mips-linux-uclibc-gcc -mips32r2 -msoft-float -o conftest -msoft-float -fomit-frame-pointer -mips32r2 -muclibc -O2  -Wl,--no-as-needed conftest.c  >&5
configure:10698: $? = 0
configure:10709: result: yes
configure:10721: checking linux/dccp.h usability
configure:10721: mips-linux-uclibc-gcc -mips32r2 -msoft-float -c -msoft-float -fomit-frame-pointer -mips32r2 -muclibc -O2  conftest.c >&5
configure:10721: $? = 0
configure:10721: result: yes
configure:10721: checking linux/dccp.h presence
configure:10721: mips-linux-uclibc-gcc -mips32r2 -msoft-float -E  conftest.c
configure:10721: $? = 0
configure:10721: result: yes
configure:10721: checking for linux/dccp.h
configure:10721: result: yes
configure:10731: checking linux/ip_vs.h usability
configure:10731: mips-linux-uclibc-gcc -mips32r2 -msoft-float -c -msoft-float -fomit-frame-pointer -mips32r2 -muclibc -O2  conftest.c >&5
conftest.c:56:25: error: linux/ip_vs.h: No such file or directory
configure:10731: $? = 1
configure: failed program was:
| /* confdefs.h */
| #define PACKAGE_NAME "iptables"
| #define PACKAGE_TARNAME "iptables"
| #define PACKAGE_VERSION "1.4.10"
| #define PACKAGE_STRING "iptables 1.4.10"
| #define PACKAGE_BUGREPORT ""
| #define PACKAGE_URL ""
| #define PACKAGE "iptables"
| #define VERSION "1.4.10"
| #define STDC_HEADERS 1
| #define HAVE_SYS_TYPES_H 1
| #define HAVE_SYS_STAT_H 1
| #define HAVE_STDLIB_H 1
| #define HAVE_STRING_H 1
| #define HAVE_MEMORY_H 1
| #define HAVE_STRINGS_H 1
| #define HAVE_INTTYPES_H 1
| #define HAVE_STDINT_H 1
| #define HAVE_UNISTD_H 1
| #define HAVE_DLFCN_H 1
| #define LT_OBJDIR ".libs/"
| /* end confdefs.h.  */
| #include <stdio.h>
| #ifdef HAVE_SYS_TYPES_H
| # include <sys/types.h>
| #endif
| #ifdef HAVE_SYS_STAT_H
| # include <sys/stat.h>
| #endif
| #ifdef STDC_HEADERS
| # include <stdlib.h>
| # include <stddef.h>
| #else
| # ifdef HAVE_STDLIB_H
| #  include <stdlib.h>
| # endif
| #endif
| #ifdef HAVE_STRING_H
| # if !defined STDC_HEADERS && defined HAVE_MEMORY_H
| #  include <memory.h>
| # endif
| # include <string.h>
| #endif
| #ifdef HAVE_STRINGS_H
| # include <strings.h>
| #endif
| #ifdef HAVE_INTTYPES_H
| # include <inttypes.h>
| #endif
| #ifdef HAVE_STDINT_H
| # include <stdint.h>
| #endif
| #ifdef HAVE_UNISTD_H
| # include <unistd.h>
| #endif
| #include <linux/ip_vs.h>
configure:10731: result: no
configure:10731: checking linux/ip_vs.h presence
configure:10731: mips-linux-uclibc-gcc -mips32r2 -msoft-float -E  conftest.c
conftest.c:23:25: error: linux/ip_vs.h: No such file or directory
configure:10731: $? = 1
configure: failed program was:
| /* confdefs.h */
| #define PACKAGE_NAME "iptables"
| #define PACKAGE_TARNAME "iptables"
| #define PACKAGE_VERSION "1.4.10"
| #define PACKAGE_STRING "iptables 1.4.10"
| #define PACKAGE_BUGREPORT ""
| #define PACKAGE_URL ""
| #define PACKAGE "iptables"
| #define VERSION "1.4.10"
| #define STDC_HEADERS 1
| #define HAVE_SYS_TYPES_H 1
| #define HAVE_SYS_STAT_H 1
| #define HAVE_STDLIB_H 1
| #define HAVE_STRING_H 1
| #define HAVE_MEMORY_H 1
| #define HAVE_STRINGS_H 1
| #define HAVE_INTTYPES_H 1
| #define HAVE_STDINT_H 1
| #define HAVE_UNISTD_H 1
| #define HAVE_DLFCN_H 1
| #define LT_OBJDIR ".libs/"
| /* end confdefs.h.  */
| #include <linux/ip_vs.h>
configure:10731: result: no
configure:10731: checking for linux/ip_vs.h
configure:10731: result: no
configure:10810: checking for mips-linux-uclibc-pkg-config
configure:10843: result: no
configure:10853: checking for pkg-config
configure:10871: found /usr/bin/pkg-config
configure:10883: result: /usr/bin/pkg-config
configure:10895: WARNING: using cross tools not prefixed with host triplet
configure:10908: checking pkg-config is at least version 0.9.0
configure:10911: result: yes
configure:10921: checking for libnfnetlink
configure:10928: $PKG_CONFIG --exists --print-errors "libnfnetlink >= 1.0"
Package libnfnetlink was not found in the pkg-config search path.
Perhaps you should add the directory containing `libnfnetlink.pc'
to the PKG_CONFIG_PATH environment variable
No package 'libnfnetlink' found
configure:10931: $? = 1
configure:10944: $PKG_CONFIG --exists --print-errors "libnfnetlink >= 1.0"
Package libnfnetlink was not found in the pkg-config search path.
Perhaps you should add the directory containing `libnfnetlink.pc'
to the PKG_CONFIG_PATH environment variable
No package 'libnfnetlink' found
configure:10947: $? = 1
configure:10960: result: no
Package libnfnetlink was not found in the pkg-config search path.
Perhaps you should add the directory containing `libnfnetlink.pc'
to the PKG_CONFIG_PATH environment variable
No package 'libnfnetlink' found
configure:11175: creating ./config.status

## ---------------------- ##
## Running config.status. ##
## ---------------------- ##

This file was extended by iptables config.status 1.4.10, which was
generated by GNU Autoconf 2.65.  Invocation command line was

  CONFIG_FILES    = 
  CONFIG_HEADERS  = 
  CONFIG_LINKS    = 
  CONFIG_COMMANDS = 
  $ ./config.status 

on mbjsbbcf08

config.status:1105: creating Makefile
config.status:1105: creating extensions/GNUmakefile
config.status:1105: creating include/Makefile
config.status:1105: creating libipq/Makefile
config.status:1105: creating utils/Makefile
config.status:1105: creating include/xtables.h
config.status:1105: creating include/iptables/internal.h
config.status:1105: creating libiptc.pc
config.status:1105: creating xtables.pc
config.status:1105: creating config.h
config.status:1277: config.h is unchanged
config.status:1325: executing depfiles commands
config.status:1325: executing libtool commands

## ---------------- ##
## Cache variables. ##
## ---------------- ##

ac_cv_build=i686-pc-linux-gnu
ac_cv_c_compiler_gnu=yes
ac_cv_env_CC_set=set
ac_cv_env_CC_value='mips-linux-uclibc-gcc -mips32r2 -msoft-float'
ac_cv_env_CFLAGS_set=set
ac_cv_env_CFLAGS_value='-msoft-float -fomit-frame-pointer -mips32r2 -muclibc -O2'
ac_cv_env_CPPFLAGS_set=
ac_cv_env_CPPFLAGS_value=
ac_cv_env_CPP_set=
ac_cv_env_CPP_value=
ac_cv_env_LDFLAGS_set=
ac_cv_env_LDFLAGS_value=
ac_cv_env_LIBS_set=
ac_cv_env_LIBS_value=
ac_cv_env_PKG_CONFIG_LIBDIR_set=
ac_cv_env_PKG_CONFIG_LIBDIR_value=
ac_cv_env_PKG_CONFIG_PATH_set=
ac_cv_env_PKG_CONFIG_PATH_value=
ac_cv_env_PKG_CONFIG_set=
ac_cv_env_PKG_CONFIG_value=
ac_cv_env_build_alias_set=
ac_cv_env_build_alias_value=
ac_cv_env_host_alias_set=set
ac_cv_env_host_alias_value=mips-linux-uclibc
ac_cv_env_libnfnetlink_CFLAGS_set=
ac_cv_env_libnfnetlink_CFLAGS_value=
ac_cv_env_libnfnetlink_LIBS_set=
ac_cv_env_libnfnetlink_LIBS_value=
ac_cv_env_target_alias_set=set
ac_cv_env_target_alias_value=mips-linux-uclibc
ac_cv_header_dlfcn_h=yes
ac_cv_header_inttypes_h=yes
ac_cv_header_linux_dccp_h=yes
ac_cv_header_linux_ip_vs_h=no
ac_cv_header_memory_h=yes
ac_cv_header_stdc=yes
ac_cv_header_stdint_h=yes
ac_cv_header_stdlib_h=yes
ac_cv_header_string_h=yes
ac_cv_header_strings_h=yes
ac_cv_header_sys_stat_h=yes
ac_cv_header_sys_types_h=yes
ac_cv_header_unistd_h=yes
ac_cv_host=mips-unknown-linux-uclibc
ac_cv_objext=o
ac_cv_path_EGREP='/bin/grep -E'
ac_cv_path_FGREP='/bin/grep -F'
ac_cv_path_GREP=/bin/grep
ac_cv_path_SED=/bin/sed
ac_cv_path_ac_pt_PKG_CONFIG=/usr/bin/pkg-config
ac_cv_path_install='/usr/bin/install -c'
ac_cv_path_mkdir=/bin/mkdir
ac_cv_prog_AR=mips-linux-uclibc-ar
ac_cv_prog_AWK=gawk
ac_cv_prog_CC='mips-linux-uclibc-gcc -mips32r2 -msoft-float'
ac_cv_prog_CPP='mips-linux-uclibc-gcc -mips32r2 -msoft-float -E'
ac_cv_prog_OBJDUMP=mips-linux-uclibc-objdump
ac_cv_prog_RANLIB=mips-linux-uclibc-ranlib
ac_cv_prog_STRIP=mips-linux-uclibc-strip
ac_cv_prog_cc_c89=
ac_cv_prog_cc_g=yes
ac_cv_prog_cc_mips_linux_uclibc_gcc_c_o=yes
ac_cv_prog_make_make_set=yes
am_cv_CC_dependencies_compiler_type=gcc3
ax_cv_linker_flags__Wl___no_as_needed=yes
lt_cv_deplibs_check_method=pass_all
lt_cv_file_magic_cmd='$MAGIC_CMD'
lt_cv_file_magic_test_file=
lt_cv_ld_reload_flag=-r
lt_cv_nm_interface='BSD nm'
lt_cv_objdir=.libs
lt_cv_path_LD=/mtkeda/bbn/trendchip/mips-linux-uclibc/usr/mips-linux-uclibc/bin/ld
lt_cv_path_NM='/opt/trendchip/mips-linux-uclibc/usr/bin/mips-linux-uclibc-nm -B'
lt_cv_prog_compiler_c_o=yes
lt_cv_prog_compiler_pic_works=yes
lt_cv_prog_compiler_rtti_exceptions=no
lt_cv_prog_compiler_static_works=yes
lt_cv_prog_gnu_ld=yes
lt_cv_sys_global_symbol_pipe='sed -n -e '\''s/^.*[	 ]\([ABCDGIRSTW][ABCDGIRSTW]*\)[	 ][	 ]*\([_A-Za-z][_A-Za-z0-9]*\)$/\1 \2 \2/p'\'''
lt_cv_sys_global_symbol_to_c_name_address='sed -n -e '\''s/^: \([^ ]*\) $/  {\"\1\", (void *) 0},/p'\'' -e '\''s/^[ABCDGIRSTW]* \([^ ]*\) \([^ ]*\)$/  {"\2", (void *) \&\2},/p'\'''
lt_cv_sys_global_symbol_to_c_name_address_lib_prefix='sed -n -e '\''s/^: \([^ ]*\) $/  {\"\1\", (void *) 0},/p'\'' -e '\''s/^[ABCDGIRSTW]* \([^ ]*\) \(lib[^ ]*\)$/  {"\2", (void *) \&\2},/p'\'' -e '\''s/^[ABCDGIRSTW]* \([^ ]*\) \([^ ]*\)$/  {"lib\2", (void *) \&\2},/p'\'''
lt_cv_sys_global_symbol_to_cdecl='sed -n -e '\''s/^T .* \(.*\)$/extern int \1();/p'\'' -e '\''s/^[ABCDGIRSTW]* .* \(.*\)$/extern char \1;/p'\'''
lt_cv_sys_max_cmd_len=98304

## ----------------- ##
## Output variables. ##
## ----------------- ##

ACLOCAL='${SHELL} /proj/osbnbuilder/52538/BBN_Linux/Branch/SDK/tclinux_phoenix/apps/public/iptables-1.4.10/missing --run aclocal-1.11'
AMDEPBACKSLASH='\'
AMDEP_FALSE='#'
AMDEP_TRUE=''
AMTAR='${SHELL} /proj/osbnbuilder/52538/BBN_Linux/Branch/SDK/tclinux_phoenix/apps/public/iptables-1.4.10/missing --run tar'
AR='mips-linux-uclibc-ar'
AUTOCONF='${SHELL} /proj/osbnbuilder/52538/BBN_Linux/Branch/SDK/tclinux_phoenix/apps/public/iptables-1.4.10/missing --run autoconf'
AUTOHEADER='${SHELL} /proj/osbnbuilder/52538/BBN_Linux/Branch/SDK/tclinux_phoenix/apps/public/iptables-1.4.10/missing --run autoheader'
AUTOMAKE='${SHELL} /proj/osbnbuilder/52538/BBN_Linux/Branch/SDK/tclinux_phoenix/apps/public/iptables-1.4.10/missing --run automake-1.11'
AWK='gawk'
CC='mips-linux-uclibc-gcc -mips32r2 -msoft-float'
CCDEPMODE='depmode=gcc3'
CFLAGS='-msoft-float -fomit-frame-pointer -mips32r2 -muclibc -O2'
CPP='mips-linux-uclibc-gcc -mips32r2 -msoft-float -E'
CPPFLAGS=''
CYGPATH_W='echo'
DEFS='-DHAVE_CONFIG_H'
DEPDIR='.deps'
DSYMUTIL=''
DUMPBIN=''
ECHO_C=''
ECHO_N='-n'
ECHO_T=''
EGREP='/bin/grep -E'
ENABLE_DEVEL_FALSE='#'
ENABLE_DEVEL_TRUE=''
ENABLE_IPV4_FALSE='#'
ENABLE_IPV4_TRUE=''
ENABLE_IPV6_FALSE='#'
ENABLE_IPV6_TRUE=''
ENABLE_LARGEFILE_FALSE='#'
ENABLE_LARGEFILE_TRUE=''
ENABLE_LIBIPQ_FALSE=''
ENABLE_LIBIPQ_TRUE='#'
ENABLE_SHARED_FALSE=''
ENABLE_SHARED_TRUE='#'
ENABLE_STATIC_FALSE='#'
ENABLE_STATIC_TRUE=''
EXEEXT=''
FGREP='/bin/grep -F'
GREP='/bin/grep'
HAVE_LIBNFNETLINK_FALSE=''
HAVE_LIBNFNETLINK_TRUE='#'
INSTALL_DATA='${INSTALL} -m 644'
INSTALL_PROGRAM='${INSTALL}'
INSTALL_SCRIPT='${INSTALL}'
INSTALL_STRIP_PROGRAM='$(install_sh) -c -s'
LD='/mtkeda/bbn/trendchip/mips-linux-uclibc/usr/mips-linux-uclibc/bin/ld'
LDFLAGS=''
LIBOBJS=''
LIBS=''
LIBTOOL='$(SHELL) $(top_builddir)/libtool'
LIPO=''
LN_S='ln -s'
LTLIBOBJS=''
MAKEINFO='${SHELL} /proj/osbnbuilder/52538/BBN_Linux/Branch/SDK/tclinux_phoenix/apps/public/iptables-1.4.10/missing --run makeinfo'
MKDIR_P='/bin/mkdir -p'
NM='/opt/trendchip/mips-linux-uclibc/usr/bin/mips-linux-uclibc-nm -B'
NMEDIT=''
OBJDUMP='mips-linux-uclibc-objdump'
OBJEXT='o'
OTOOL64=''
OTOOL=''
PACKAGE='iptables'
PACKAGE_BUGREPORT=''
PACKAGE_NAME='iptables'
PACKAGE_STRING='iptables 1.4.10'
PACKAGE_TARNAME='iptables'
PACKAGE_URL=''
PACKAGE_VERSION='1.4.10'
PATH_SEPARATOR=':'
PKG_CONFIG='/usr/bin/pkg-config'
PKG_CONFIG_LIBDIR=''
PKG_CONFIG_PATH=''
RANLIB='mips-linux-uclibc-ranlib'
SED='/bin/sed'
SET_MAKE=''
SHELL='/bin/sh'
STRIP='mips-linux-uclibc-strip'
VERSION='1.4.10'
ac_ct_CC=''
ac_ct_DUMPBIN=''
am__EXEEXT_FALSE=''
am__EXEEXT_TRUE='#'
am__fastdepCC_FALSE='#'
am__fastdepCC_TRUE=''
am__include='include'
am__isrc=''
am__leading_dot='.'
am__quote=''
am__tar='${AMTAR} chof - "$$tardir"'
am__untar='${AMTAR} xf -'
bindir='${exec_prefix}/bin'
blacklist_modules=' ipvs'
build='i686-pc-linux-gnu'
build_alias=''
build_cpu='i686'
build_os='linux-gnu'
build_vendor='pc'
datadir='${datarootdir}'
datarootdir='${prefix}/share'
docdir='${datarootdir}/doc/${PACKAGE_TARNAME}'
dvidir='${docdir}'
exec_prefix='${prefix}'
host='mips-unknown-linux-uclibc'
host_alias='mips-linux-uclibc'
host_cpu='mips'
host_os='linux-uclibc'
host_vendor='unknown'
htmldir='${docdir}'
includedir='${prefix}/include'
infodir='${datarootdir}/info'
install_sh='${SHELL} /proj/osbnbuilder/52538/BBN_Linux/Branch/SDK/tclinux_phoenix/apps/public/iptables-1.4.10/install-sh'
kbuilddir='/proj/osbnbuilder/52538/BBN_Linux/Branch/SDK/tclinux_phoenix/linux-2.6.36'
kinclude_CFLAGS=' -I /proj/osbnbuilder/52538/BBN_Linux/Branch/SDK/tclinux_phoenix/linux-2.6.36/include -I /proj/osbnbuilder/52538/BBN_Linux/Branch/SDK/tclinux_phoenix/linux-2.6.36/include'
ksourcedir='/proj/osbnbuilder/52538/BBN_Linux/Branch/SDK/tclinux_phoenix/linux-2.6.36'
libdir='${exec_prefix}/lib'
libexecdir='${exec_prefix}/libexec'
libiptc_LDFLAGS2='-Wl,--no-as-needed'
libnfnetlink_CFLAGS=''
libnfnetlink_LIBS=''
libxtables_vage='0'
libxtables_vcurrent='5'
libxtables_vmajor='5'
localedir='${datarootdir}/locale'
localstatedir='${prefix}/var'
lt_ECHO='echo'
mandir='${datarootdir}/man'
mkdir_p='/bin/mkdir -p'
oldincludedir='/usr/include'
pdfdir='${docdir}'
pkgconfigdir='${libdir}/pkgconfig'
pkgdatadir='${datadir}/xtables'
prefix='/proj/osbnbuilder/52538/BBN_Linux/Branch/SDK/tclinux_phoenix/apps/public/iptables-1.4.10/install'
program_transform_name='s,x,x,'
psdir='${docdir}'
regular_CFLAGS='-D_LARGEFILE_SOURCE=1 -D_LARGE_FILES -D_FILE_OFFSET_BITS=64 	-D_REENTRANT -Wall -Waggregate-return -Wmissing-declarations 	-Wmissing-prototypes -Wredundant-decls -Wshadow -Wstrict-prototypes 	-Winline -pipe 	-DXTABLES_LIBDIR=\"${xtlibdir}\" -DXTABLES_INTERNAL'
sbindir='${exec_prefix}/sbin'
sharedstatedir='${prefix}/com'
sysconfdir='${prefix}/etc'
target_alias='mips-linux-uclibc'
xtlibdir='${exec_prefix}/libexec/xtables'

## ----------- ##
## confdefs.h. ##
## ----------- ##

/* confdefs.h */
#define PACKAGE_NAME "iptables"
#define PACKAGE_TARNAME "iptables"
#define PACKAGE_VERSION "1.4.10"
#define PACKAGE_STRING "iptables 1.4.10"
#define PACKAGE_BUGREPORT ""
#define PACKAGE_URL ""
#define PACKAGE "iptables"
#define VERSION "1.4.10"
#define STDC_HEADERS 1
#define HAVE_SYS_TYPES_H 1
#define HAVE_SYS_STAT_H 1
#define HAVE_STDLIB_H 1
#define HAVE_STRING_H 1
#define HAVE_MEMORY_H 1
#define HAVE_STRINGS_H 1
#define HAVE_INTTYPES_H 1
#define HAVE_STDINT_H 1
#define HAVE_UNISTD_H 1
#define HAVE_DLFCN_H 1
#define LT_OBJDIR ".libs/"

configure: exit 0
