This file contains any messages produced by compilers while
running configure, to aid debugging if configure makes a mistake.

It was created by json configure 1.5, which was
generated by GNU Autoconf 2.68.  Invocation command line was

  $ ./configure --prefix=/proj/osbnbuilder/52538/BBN_Linux/Branch/SDK/tclinux_phoenix/apps/public/libjson-1.5 --libdir=/proj/osbnbuilder/52538/BBN_Linux/Branch/SDK/tclinux_phoenix/apps/public/libjson-1.5/ --includedir=/proj/osbnbuilder/52538/BBN_Linux/Branch/SDK/tclinux_phoenix/apps/public/libjson-1.5/ --disable-static --enable-shared --host=mips-linux-uclibc CFLAGS=-g -O2 -Wall -mips32r2 -muclibc

## --------- ##
## Platform. ##
## --------- ##

hostname = mbjsbbcf08
uname -m = i686
uname -r = 2.6.9-89.ELsmp
uname -s = Linux
uname -v = #1 SMP Mon Apr 20 10:34:33 EDT 2009

/usr/bin/uname -p = unknown
/bin/uname -X     = unknown

/bin/arch              = i686
/usr/bin/arch -k       = unknown
/usr/convex/getsysinfo = unknown
/usr/bin/hostinfo      = unknown
/bin/machine           = unknown
/usr/bin/oslevel       = unknown
/bin/universe          = unknown

PATH: /opt/trendchip/mips-linux-uclibc/usr/bin
PATH: /mtktools/LSF/8/8.0/linux2.6-glibc2.3-x86/bin
PATH: /mtktools/LSF/8/8.0/linux2.6-glibc2.3-x86/etc
PATH: /mtkoss/android_sdk/5.1/x86_64/platform-tools
PATH: /mtkeda/ado/bin/rhel-4.8-i686
PATH: /opt/trendchip/mips-linux-3.4.6/bin
PATH: /opt/trendchip/mips-linux-uclibc/usr/bin
PATH: /opt/CodeSourcery/mips-4.2/bin
PATH: /mtkeda/perforce/linux26x86_2010.2
PATH: /mtkeda/perforce/linux26x86_2010.2/p4v/bin
PATH: /mtkeda/perforce/linux26x86_2014.1
PATH: /mtkeda/perforce/linux26x86_2014.1/p4v/bin
PATH: /mtkoss/lzop/1.03-rhel-4.8/i686
PATH: /mtkoss/cmake/2.8.3-linux/i686/bin
PATH: /mtkoss/ccache/3.1.4-rhel-4.8/i686/bin
PATH: /mtkoss/gcc/3.4.6/i686/bin
PATH: /mtkoss/python/2.6/i686/bin
PATH: /mtkoss/jdk/1.6.0_02/bin
PATH: /mtkeda/perforce/linux26x86_2010.2
PATH: /mtkeda/perforce/linux26x86_2010.2/p4v/bin
PATH: /mtkeda/perforce/linux26x86_2014.1
PATH: /mtkeda/perforce/linux26x86_2014.1/p4v/bin
PATH: /mtkeda/LSF/7.04/7.0/linux2.6-glibc2.3-x86/etc
PATH: /mtkeda/LSF/7.04/7.0/linux2.6-glibc2.3-x86/bin
PATH: /usr/lib/qt-3.3/bin
PATH: /usr/kerberos/bin
PATH: /usr/local/bin
PATH: /bin
PATH: /usr/bin
PATH: /mtkeda/IT/bin
PATH: /mtkeda/IT/sbin
PATH: /mtkeda/CI/MtkCheckStyle
PATH: /mtkeda/CI/MtkCheckStyle/MtkCheckStyle
PATH: /mtkeda/apb
PATH: /mtkeda/CI/MtkCheckStyle
PATH: /mtkeda/Utility/LM_daemon/Synopsys/11.6/Linux/amd64/bin


## ----------- ##
## Core tests. ##
## ----------- ##

configure:2271: checking for a BSD-compatible install
configure:2339: result: /usr/bin/install -c
configure:2350: checking whether build environment is sane
configure:2400: result: yes
configure:2449: checking for mips-linux-uclibc-strip
configure:2476: result: mips-linux-uclibc-strip
configure:2541: checking for a thread-safe mkdir -p
configure:2580: result: /bin/mkdir -p
configure:2593: checking for gawk
configure:2609: found /bin/gawk
configure:2620: result: gawk
configure:2631: checking whether make sets $(MAKE)
configure:2653: result: yes
configure:2749: checking for mips-linux-uclibc-gcc
configure:2776: result: mips-linux-uclibc-gcc -mips32r2 -msoft-float
configure:3045: checking for C compiler version
configure:3054: mips-linux-uclibc-gcc -mips32r2 -msoft-float --version >&5
mips-linux-uclibc-gcc (GCC) 4.3.4
Copyright (C) 2008 Free Software Foundation, Inc.
This is free software; see the source for copying conditions.  There is NO
warranty; not even for MERCHANTABILITY or FITNESS FOR A PARTICULAR PURPOSE.

configure:3065: $? = 0
configure:3054: mips-linux-uclibc-gcc -mips32r2 -msoft-float -v >&5
Using built-in specs.
Target: mips-linux-uclibc
Configured with: /home/socsw_local/lino/toolchain/tc3262/buildroot-2009.11/output/toolchain/gcc-4.3.4/configure --prefix=/usr --build=i386-pc-linux-gnu --host=i386-pc-linux-gnu --target=mips-linux-uclibc --enable-languages=c,c++ --with-sysroot=/opt/trendchip/mips-linux-uclibc --with-build-time-tools=/opt/trendchip/mips-linux-uclibc/usr/mips-linux-uclibc/bin --disable-__cxa_atexit --enable-target-optspace --with-gnu-ld --disable-libssp --enable-tls --enable-shared --with-gmp=/home/socsw_local/lino/toolchain/tc3262/buildroot-2009.11/output/toolchain/gmp --with-mpfr=/home/socsw_local/lino/toolchain/tc3262/buildroot-2009.11/output/toolchain/mpfr --disable-nls --enable-threads --disable-multilib --disable-decimal-float --with-float=soft --with-abi=32 --with-tune=mips32r2
Thread model: posix
gcc version 4.3.4 (GCC) 
configure:3065: $? = 0
configure:3054: mips-linux-uclibc-gcc -mips32r2 -msoft-float -V >&5
mips-linux-uclibc-gcc: '-V' must come at the start of the command line
configure:3065: $? = 1
configure:3054: mips-linux-uclibc-gcc -mips32r2 -msoft-float -qversion >&5
mips-linux-uclibc-gcc: unrecognized option '-qversion'
mips-linux-uclibc-gcc: no input files
configure:3065: $? = 1
configure:3085: checking whether the C compiler works
configure:3107: mips-linux-uclibc-gcc -mips32r2 -msoft-float -g -O2 -Wall -mips32r2 -muclibc   conftest.c  >&5
configure:3111: $? = 0
configure:3159: result: yes
configure:3162: checking for C compiler default output file name
configure:3164: result: a.out
configure:3170: checking for suffix of executables
configure:3177: mips-linux-uclibc-gcc -mips32r2 -msoft-float -o conftest -g -O2 -Wall -mips32r2 -muclibc   conftest.c  >&5
configure:3181: $? = 0
configure:3203: result: 
configure:3225: checking whether we are cross compiling
configure:3233: mips-linux-uclibc-gcc -mips32r2 -msoft-float -o conftest -g -O2 -Wall -mips32r2 -muclibc   conftest.c  >&5
configure:3237: $? = 0
configure:3244: ./conftest
./configure: line 3246: ./conftest: cannot execute binary file
configure:3248: $? = 126
configure:3263: result: yes
configure:3268: checking for suffix of object files
configure:3290: mips-linux-uclibc-gcc -mips32r2 -msoft-float -c -g -O2 -Wall -mips32r2 -muclibc  conftest.c >&5
configure:3294: $? = 0
configure:3315: result: o
configure:3319: checking whether we are using the GNU C compiler
configure:3338: mips-linux-uclibc-gcc -mips32r2 -msoft-float -c -g -O2 -Wall -mips32r2 -muclibc  conftest.c >&5
configure:3338: $? = 0
configure:3347: result: yes
configure:3356: checking whether mips-linux-uclibc-gcc -mips32r2 -msoft-float accepts -g
configure:3376: mips-linux-uclibc-gcc -mips32r2 -msoft-float -c -g  conftest.c >&5
configure:3376: $? = 0
configure:3417: result: yes
configure:3434: checking for mips-linux-uclibc-gcc -mips32r2 -msoft-float option to accept ISO C89
configure:3498: mips-linux-uclibc-gcc -mips32r2 -msoft-float  -c -g -O2 -Wall -mips32r2 -muclibc  conftest.c >&5
configure:3498: $? = 0
configure:3511: result: none needed
configure:3542: checking for style of include used by make
configure:3570: result: GNU
configure:3596: checking dependency style of mips-linux-uclibc-gcc -mips32r2 -msoft-float
configure:3707: result: gcc3
configure:3723: checking whether mips-linux-uclibc-gcc -mips32r2 -msoft-float and cc understand -c and -o together
configure:3754: mips-linux-uclibc-gcc -mips32r2 -msoft-float -c conftest.c -o conftest2.o >&5
configure:3758: $? = 0
configure:3764: mips-linux-uclibc-gcc -mips32r2 -msoft-float -c conftest.c -o conftest2.o >&5
configure:3768: $? = 0
configure:3779: cc -c conftest.c >&5
configure:3783: $? = 0
configure:3791: cc -c conftest.c -o conftest2.o >&5
configure:3795: $? = 0
configure:3801: cc -c conftest.c -o conftest2.o >&5
configure:3805: $? = 0
configure:3823: result: yes
configure:3877: checking build system type
configure:3891: result: i686-pc-linux-gnu
configure:3911: checking host system type
configure:3924: result: mips-unknown-linux-uclibc
configure:3965: checking how to print strings
configure:3992: result: printf
configure:4013: checking for a sed that does not truncate output
configure:4077: result: /bin/sed
configure:4095: checking for grep that handles long lines and -e
configure:4153: result: /bin/grep
configure:4158: checking for egrep
configure:4220: result: /bin/grep -E
configure:4225: checking for fgrep
configure:4287: result: /bin/grep -F
configure:4322: checking for ld used by mips-linux-uclibc-gcc -mips32r2 -msoft-float
configure:4389: result: /mtkeda/bbn/trendchip/mips-linux-uclibc/usr/mips-linux-uclibc/bin/ld
configure:4396: checking if the linker (/mtkeda/bbn/trendchip/mips-linux-uclibc/usr/mips-linux-uclibc/bin/ld) is GNU ld
configure:4411: result: yes
configure:4423: checking for BSD- or MS-compatible name lister (nm)
configure:4472: result: /opt/trendchip/mips-linux-uclibc/usr/bin/mips-linux-uclibc-nm -B
configure:4602: checking the name lister (/opt/trendchip/mips-linux-uclibc/usr/bin/mips-linux-uclibc-nm -B) interface
configure:4609: mips-linux-uclibc-gcc -mips32r2 -msoft-float -c -g -O2 -Wall -mips32r2 -muclibc  conftest.c >&5
configure:4612: /opt/trendchip/mips-linux-uclibc/usr/bin/mips-linux-uclibc-nm -B "conftest.o"
configure:4615: output
00000000 B some_variable
configure:4622: result: BSD nm
configure:4625: checking whether ln -s works
configure:4629: result: yes
configure:4637: checking the maximum length of command line arguments
configure:4767: result: 98304
configure:4784: checking whether the shell understands some XSI constructs
configure:4794: result: yes
configure:4798: checking whether the shell understands "+="
configure:4804: result: no
configure:4839: checking how to convert i686-pc-linux-gnu file names to mips-unknown-linux-uclibc format
configure:4879: result: func_convert_file_noop
configure:4886: checking how to convert i686-pc-linux-gnu file names to toolchain format
configure:4906: result: func_convert_file_noop
configure:4913: checking for /mtkeda/bbn/trendchip/mips-linux-uclibc/usr/mips-linux-uclibc/bin/ld option to reload object files
configure:4920: result: -r
configure:4954: checking for mips-linux-uclibc-objdump
configure:4970: found /opt/trendchip/mips-linux-uclibc/usr/bin/mips-linux-uclibc-objdump
configure:4981: result: mips-linux-uclibc-objdump
configure:5053: checking how to recognize dependent libraries
configure:5255: result: pass_all
configure:5300: checking for mips-linux-uclibc-dlltool
configure:5330: result: no
configure:5340: checking for dlltool
configure:5370: result: no
configure:5400: checking how to associate runtime and link libraries
configure:5427: result: printf %s\n
configure:5444: checking for mips-linux-uclibc-ar
configure:5460: found /opt/trendchip/mips-linux-uclibc/usr/bin/mips-linux-uclibc-ar
configure:5471: result: mips-linux-uclibc-ar
configure:5552: checking for archiver @FILE support
configure:5569: mips-linux-uclibc-gcc -mips32r2 -msoft-float -c -g -O2 -Wall -mips32r2 -muclibc  conftest.c >&5
configure:5569: $? = 0
configure:5572: mips-linux-uclibc-ar cru libconftest.a @conftest.lst >&5
configure:5575: $? = 0
configure:5580: mips-linux-uclibc-ar cru libconftest.a @conftest.lst >&5
mips-linux-uclibc-ar: conftest.o: No such file or directory
configure:5583: $? = 1
configure:5595: result: @
configure:5613: checking for mips-linux-uclibc-strip
configure:5640: result: mips-linux-uclibc-strip
configure:5712: checking for mips-linux-uclibc-ranlib
configure:5728: found /opt/trendchip/mips-linux-uclibc/usr/bin/mips-linux-uclibc-ranlib
configure:5739: result: mips-linux-uclibc-ranlib
configure:5881: checking command to parse /opt/trendchip/mips-linux-uclibc/usr/bin/mips-linux-uclibc-nm -B output from mips-linux-uclibc-gcc -mips32r2 -msoft-float object
configure:6001: mips-linux-uclibc-gcc -mips32r2 -msoft-float -c -g -O2 -Wall -mips32r2 -muclibc  conftest.c >&5
configure:6004: $? = 0
configure:6008: /opt/trendchip/mips-linux-uclibc/usr/bin/mips-linux-uclibc-nm -B conftest.o \| sed -n -e 's/^.*[ ]\([ABCDGIRSTW][ABCDGIRSTW]*\)[ ][ ]*\([_A-Za-z][_A-Za-z0-9]*\)$/\1 \2 \2/p' | sed '/ __gnu_lto/d' \> conftest.nm
configure:6011: $? = 0
configure:6077: mips-linux-uclibc-gcc -mips32r2 -msoft-float -o conftest -g -O2 -Wall -mips32r2 -muclibc   conftest.c conftstm.o >&5
configure:6080: $? = 0
configure:6118: result: ok
configure:6155: checking for sysroot
configure:6185: result: no
configure:6401: checking for mips-linux-uclibc-mt
configure:6431: result: no
configure:6441: checking for mt
configure:6457: found /bin/mt
configure:6468: result: mt
configure:6480: WARNING: using cross tools not prefixed with host triplet
configure:6491: checking if mt is a manifest tool
configure:6497: mt '-?'
usage: mt [-v] [--version] [-h] [ -f device ] command [ count ]
configure:6505: result: no
configure:7147: checking how to run the C preprocessor
configure:7178: mips-linux-uclibc-gcc -mips32r2 -msoft-float -E  conftest.c
configure:7178: $? = 0
configure:7192: mips-linux-uclibc-gcc -mips32r2 -msoft-float -E  conftest.c
conftest.c:11:28: error: ac_nonexistent.h: No such file or directory
configure:7192: $? = 1
configure: failed program was:
| /* confdefs.h */
| #define PACKAGE_NAME "json"
| #define PACKAGE_TARNAME "json"
| #define PACKAGE_VERSION "1.5"
| #define PACKAGE_STRING "json 1.5"
| #define PACKAGE_BUGREPORT ""
| #define PACKAGE_URL ""
| #define PACKAGE "json"
| #define VERSION "1.5"
| /* end confdefs.h.  */
| #include <ac_nonexistent.h>
configure:7217: result: mips-linux-uclibc-gcc -mips32r2 -msoft-float -E
configure:7237: mips-linux-uclibc-gcc -mips32r2 -msoft-float -E  conftest.c
configure:7237: $? = 0
configure:7251: mips-linux-uclibc-gcc -mips32r2 -msoft-float -E  conftest.c
conftest.c:11:28: error: ac_nonexistent.h: No such file or directory
configure:7251: $? = 1
configure: failed program was:
| /* confdefs.h */
| #define PACKAGE_NAME "json"
| #define PACKAGE_TARNAME "json"
| #define PACKAGE_VERSION "1.5"
| #define PACKAGE_STRING "json 1.5"
| #define PACKAGE_BUGREPORT ""
| #define PACKAGE_URL ""
| #define PACKAGE "json"
| #define VERSION "1.5"
| /* end confdefs.h.  */
| #include <ac_nonexistent.h>
configure:7280: checking for ANSI C header files
configure:7300: mips-linux-uclibc-gcc -mips32r2 -msoft-float -c -g -O2 -Wall -mips32r2 -muclibc  conftest.c >&5
configure:7300: $? = 0
configure:7384: result: yes
configure:7397: checking for sys/types.h
configure:7397: mips-linux-uclibc-gcc -mips32r2 -msoft-float -c -g -O2 -Wall -mips32r2 -muclibc  conftest.c >&5
configure:7397: $? = 0
configure:7397: result: yes
configure:7397: checking for sys/stat.h
configure:7397: mips-linux-uclibc-gcc -mips32r2 -msoft-float -c -g -O2 -Wall -mips32r2 -muclibc  conftest.c >&5
configure:7397: $? = 0
configure:7397: result: yes
configure:7397: checking for stdlib.h
configure:7397: mips-linux-uclibc-gcc -mips32r2 -msoft-float -c -g -O2 -Wall -mips32r2 -muclibc  conftest.c >&5
configure:7397: $? = 0
configure:7397: result: yes
configure:7397: checking for string.h
configure:7397: mips-linux-uclibc-gcc -mips32r2 -msoft-float -c -g -O2 -Wall -mips32r2 -muclibc  conftest.c >&5
configure:7397: $? = 0
configure:7397: result: yes
configure:7397: checking for memory.h
configure:7397: mips-linux-uclibc-gcc -mips32r2 -msoft-float -c -g -O2 -Wall -mips32r2 -muclibc  conftest.c >&5
configure:7397: $? = 0
configure:7397: result: yes
configure:7397: checking for strings.h
configure:7397: mips-linux-uclibc-gcc -mips32r2 -msoft-float -c -g -O2 -Wall -mips32r2 -muclibc  conftest.c >&5
configure:7397: $? = 0
configure:7397: result: yes
configure:7397: checking for inttypes.h
configure:7397: mips-linux-uclibc-gcc -mips32r2 -msoft-float -c -g -O2 -Wall -mips32r2 -muclibc  conftest.c >&5
configure:7397: $? = 0
configure:7397: result: yes
configure:7397: checking for stdint.h
configure:7397: mips-linux-uclibc-gcc -mips32r2 -msoft-float -c -g -O2 -Wall -mips32r2 -muclibc  conftest.c >&5
configure:7397: $? = 0
configure:7397: result: yes
configure:7397: checking for unistd.h
configure:7397: mips-linux-uclibc-gcc -mips32r2 -msoft-float -c -g -O2 -Wall -mips32r2 -muclibc  conftest.c >&5
configure:7397: $? = 0
configure:7397: result: yes
configure:7411: checking for dlfcn.h
configure:7411: mips-linux-uclibc-gcc -mips32r2 -msoft-float -c -g -O2 -Wall -mips32r2 -muclibc  conftest.c >&5
configure:7411: $? = 0
configure:7411: result: yes
configure:7617: checking for objdir
configure:7632: result: .libs
configure:7899: checking if mips-linux-uclibc-gcc -mips32r2 -msoft-float supports -fno-rtti -fno-exceptions
configure:7917: mips-linux-uclibc-gcc -mips32r2 -msoft-float -c -g -O2 -Wall -mips32r2 -muclibc  -fno-rtti -fno-exceptions conftest.c >&5
cc1: warning: command line option "-fno-rtti" is valid for C++/ObjC++ but not for C
configure:7921: $? = 0
configure:7934: result: no
configure:8261: checking for mips-linux-uclibc-gcc -mips32r2 -msoft-float option to produce PIC
configure:8268: result: -fPIC -DPIC
configure:8276: checking if mips-linux-uclibc-gcc -mips32r2 -msoft-float PIC flag -fPIC -DPIC works
configure:8294: mips-linux-uclibc-gcc -mips32r2 -msoft-float -c -g -O2 -Wall -mips32r2 -muclibc  -fPIC -DPIC -DPIC conftest.c >&5
configure:8298: $? = 0
configure:8311: result: yes
configure:8340: checking if mips-linux-uclibc-gcc -mips32r2 -msoft-float static flag -static works
configure:8368: result: yes
configure:8383: checking if mips-linux-uclibc-gcc -mips32r2 -msoft-float supports -c -o file.o
configure:8404: mips-linux-uclibc-gcc -mips32r2 -msoft-float -c -g -O2 -Wall -mips32r2 -muclibc  -o out/conftest2.o conftest.c >&5
configure:8408: $? = 0
configure:8430: result: yes
configure:8438: checking if mips-linux-uclibc-gcc -mips32r2 -msoft-float supports -c -o file.o
configure:8485: result: yes
configure:8518: checking whether the mips-linux-uclibc-gcc -mips32r2 -msoft-float linker (/mtkeda/bbn/trendchip/mips-linux-uclibc/usr/mips-linux-uclibc/bin/ld) supports shared libraries
configure:9675: result: yes
configure:9712: checking whether -lc should be explicitly linked in
configure:9720: mips-linux-uclibc-gcc -mips32r2 -msoft-float -c -g -O2 -Wall -mips32r2 -muclibc  conftest.c >&5
configure:9723: $? = 0
configure:9738: mips-linux-uclibc-gcc -mips32r2 -msoft-float -shared  -fPIC -DPIC conftest.o  -v -Wl,-soname -Wl,conftest -o conftest 2\>\&1 \| /bin/grep  -lc  \>/dev/null 2\>\&1
configure:9741: $? = 0
configure:9755: result: no
configure:9915: checking dynamic linker characteristics
configure:10426: mips-linux-uclibc-gcc -mips32r2 -msoft-float -o conftest -g -O2 -Wall -mips32r2 -muclibc   -Wl,-rpath -Wl,/foo conftest.c  >&5
configure:10426: $? = 0
configure:10660: result: GNU/Linux ld.so
configure:10767: checking how to hardcode library paths into programs
configure:10792: result: immediate
configure:11332: checking whether stripping libraries is possible
configure:11337: result: yes
configure:11372: checking if libtool supports shared libraries
configure:11374: result: yes
configure:11377: checking whether to build shared libraries
configure:11398: result: yes
configure:11401: checking whether to build static libraries
configure:11405: result: no
configure:11446: checking for ANSI C header files
configure:11550: result: yes
configure:11561: checking locale.h usability
configure:11561: mips-linux-uclibc-gcc -mips32r2 -msoft-float -c -g -O2 -Wall -mips32r2 -muclibc  conftest.c >&5
configure:11561: $? = 0
configure:11561: result: yes
configure:11561: checking locale.h presence
configure:11561: mips-linux-uclibc-gcc -mips32r2 -msoft-float -E  conftest.c
configure:11561: $? = 0
configure:11561: result: yes
configure:11561: checking for locale.h
configure:11561: result: yes
configure:11561: checking for memory.h
configure:11561: result: yes
configure:11561: checking for stdlib.h
configure:11561: result: yes
configure:11561: checking for string.h
configure:11561: result: yes
configure:11573: checking for an ANSI C-conforming const
configure:11638: mips-linux-uclibc-gcc -mips32r2 -msoft-float -c -g -O2 -Wall -mips32r2 -muclibc  conftest.c >&5
conftest.c: In function 'main':
conftest.c:57: warning: 't' is used uninitialized in this function
conftest.c:73: warning: 'b' may be used uninitialized in this function
conftest.c:79: warning: 'cs[0]' is used uninitialized in this function
configure:11638: $? = 0
configure:11645: result: yes
configure:11653: checking for stdbool.h that conforms to C99
configure:11720: mips-linux-uclibc-gcc -mips32r2 -msoft-float -c -g -O2 -Wall -mips32r2 -muclibc  conftest.c >&5
conftest.c: In function 'main':
conftest.c:77: warning: the address of 's' will always evaluate as 'true'
conftest.c:81: warning: the address of 'a' will always evaluate as 'true'
conftest.c:81: warning: the address of 'b' will always evaluate as 'true'
conftest.c:81: warning: the address of 'c' will always evaluate as 'true'
conftest.c:81: warning: the address of 'd' will always evaluate as 'true'
conftest.c:81: warning: the address of 'f' will always evaluate as 'true'
conftest.c:81: warning: the address of 'g' will always evaluate as 'true'
conftest.c:81: warning: the address of 'h' will always evaluate as 'true'
conftest.c:81: warning: the address of 'i' will always evaluate as 'true'
conftest.c:82: warning: the address of 'n' will always evaluate as 'true'
conftest.c:82: warning: the address of 'o' will always evaluate as 'true'
conftest.c:82: warning: the address of 'p' will always evaluate as 'true'
configure:11720: $? = 0
configure:11727: result: yes
configure:11729: checking for _Bool
configure:11729: mips-linux-uclibc-gcc -mips32r2 -msoft-float -c -g -O2 -Wall -mips32r2 -muclibc  conftest.c >&5
configure:11729: $? = 0
configure:11729: mips-linux-uclibc-gcc -mips32r2 -msoft-float -c -g -O2 -Wall -mips32r2 -muclibc  conftest.c >&5
conftest.c: In function 'main':
conftest.c:64: error: expected expression before ')' token
configure:11729: $? = 1
configure: failed program was:
| /* confdefs.h */
| #define PACKAGE_NAME "json"
| #define PACKAGE_TARNAME "json"
| #define PACKAGE_VERSION "1.5"
| #define PACKAGE_STRING "json 1.5"
| #define PACKAGE_BUGREPORT ""
| #define PACKAGE_URL ""
| #define PACKAGE "json"
| #define VERSION "1.5"
| #define STDC_HEADERS 1
| #define HAVE_SYS_TYPES_H 1
| #define HAVE_SYS_STAT_H 1
| #define HAVE_STDLIB_H 1
| #define HAVE_STRING_H 1
| #define HAVE_MEMORY_H 1
| #define HAVE_STRINGS_H 1
| #define HAVE_INTTYPES_H 1
| #define HAVE_STDINT_H 1
| #define HAVE_UNISTD_H 1
| #define HAVE_DLFCN_H 1
| #define LT_OBJDIR ".libs/"
| #define STDC_HEADERS 1
| #define HAVE_LOCALE_H 1
| #define HAVE_MEMORY_H 1
| #define HAVE_STDLIB_H 1
| #define HAVE_STRING_H 1
| /* end confdefs.h.  */
| #include <stdio.h>
| #ifdef HAVE_SYS_TYPES_H
| # include <sys/types.h>
| #endif
| #ifdef HAVE_SYS_STAT_H
| # include <sys/stat.h>
| #endif
| #ifdef STDC_HEADERS
| # include <stdlib.h>
| # include <stddef.h>
| #else
| # ifdef HAVE_STDLIB_H
| #  include <stdlib.h>
| # endif
| #endif
| #ifdef HAVE_STRING_H
| # if !defined STDC_HEADERS && defined HAVE_MEMORY_H
| #  include <memory.h>
| # endif
| # include <string.h>
| #endif
| #ifdef HAVE_STRINGS_H
| # include <strings.h>
| #endif
| #ifdef HAVE_INTTYPES_H
| # include <inttypes.h>
| #endif
| #ifdef HAVE_STDINT_H
| # include <stdint.h>
| #endif
| #ifdef HAVE_UNISTD_H
| # include <unistd.h>
| #endif
| int
| main ()
| {
| if (sizeof ((_Bool)))
| 	    return 0;
|   ;
|   return 0;
| }
configure:11729: result: yes
configure:11745: checking for size_t
configure:11745: mips-linux-uclibc-gcc -mips32r2 -msoft-float -c -g -O2 -Wall -mips32r2 -muclibc  conftest.c >&5
configure:11745: $? = 0
configure:11745: mips-linux-uclibc-gcc -mips32r2 -msoft-float -c -g -O2 -Wall -mips32r2 -muclibc  conftest.c >&5
conftest.c: In function 'main':
conftest.c:66: error: expected expression before ')' token
configure:11745: $? = 1
configure: failed program was:
| /* confdefs.h */
| #define PACKAGE_NAME "json"
| #define PACKAGE_TARNAME "json"
| #define PACKAGE_VERSION "1.5"
| #define PACKAGE_STRING "json 1.5"
| #define PACKAGE_BUGREPORT ""
| #define PACKAGE_URL ""
| #define PACKAGE "json"
| #define VERSION "1.5"
| #define STDC_HEADERS 1
| #define HAVE_SYS_TYPES_H 1
| #define HAVE_SYS_STAT_H 1
| #define HAVE_STDLIB_H 1
| #define HAVE_STRING_H 1
| #define HAVE_MEMORY_H 1
| #define HAVE_STRINGS_H 1
| #define HAVE_INTTYPES_H 1
| #define HAVE_STDINT_H 1
| #define HAVE_UNISTD_H 1
| #define HAVE_DLFCN_H 1
| #define LT_OBJDIR ".libs/"
| #define STDC_HEADERS 1
| #define HAVE_LOCALE_H 1
| #define HAVE_MEMORY_H 1
| #define HAVE_STDLIB_H 1
| #define HAVE_STRING_H 1
| #define HAVE__BOOL 1
| #define HAVE_STDBOOL_H 1
| /* end confdefs.h.  */
| #include <stdio.h>
| #ifdef HAVE_SYS_TYPES_H
| # include <sys/types.h>
| #endif
| #ifdef HAVE_SYS_STAT_H
| # include <sys/stat.h>
| #endif
| #ifdef STDC_HEADERS
| # include <stdlib.h>
| # include <stddef.h>
| #else
| # ifdef HAVE_STDLIB_H
| #  include <stdlib.h>
| # endif
| #endif
| #ifdef HAVE_STRING_H
| # if !defined STDC_HEADERS && defined HAVE_MEMORY_H
| #  include <memory.h>
| # endif
| # include <string.h>
| #endif
| #ifdef HAVE_STRINGS_H
| # include <strings.h>
| #endif
| #ifdef HAVE_INTTYPES_H
| # include <inttypes.h>
| #endif
| #ifdef HAVE_STDINT_H
| # include <stdint.h>
| #endif
| #ifdef HAVE_UNISTD_H
| # include <unistd.h>
| #endif
| int
| main ()
| {
| if (sizeof ((size_t)))
| 	    return 0;
|   ;
|   return 0;
| }
configure:11745: result: yes
configure:11760: checking for stdlib.h
configure:11760: result: yes
configure:11770: checking for GNU libc compatible malloc
configure:11804: result: no
configure:11827: checking for stdlib.h
configure:11827: result: yes
configure:11837: checking for GNU libc compatible realloc
configure:11871: result: no
configure:11895: checking for memset
configure:11895: mips-linux-uclibc-gcc -mips32r2 -msoft-float -o conftest -g -O2 -Wall -mips32r2 -muclibc   conftest.c  >&5
conftest.c:59: warning: conflicting types for built-in function 'memset'
configure:11895: $? = 0
configure:11895: result: yes
configure:11895: checking for setlocale
configure:11895: mips-linux-uclibc-gcc -mips32r2 -msoft-float -o conftest -g -O2 -Wall -mips32r2 -muclibc   conftest.c  >&5
configure:11895: $? = 0
configure:11895: result: yes
configure:12043: creating ./config.status

## ---------------------- ##
## Running config.status. ##
## ---------------------- ##

This file was extended by json config.status 1.5, which was
generated by GNU Autoconf 2.68.  Invocation command line was

  CONFIG_FILES    = 
  CONFIG_HEADERS  = 
  CONFIG_LINKS    = 
  CONFIG_COMMANDS = 
  $ ./config.status 

on mbjsbbcf08

config.status:1107: creating mjson.pc
config.status:1107: creating Makefile
config.status:1107: creating src/Makefile
config.status:1107: creating tests/Makefile
config.status:1107: creating config.h
config.status:1288: config.h is unchanged
config.status:1336: executing depfiles commands
config.status:1336: executing libtool commands

## ---------------- ##
## Cache variables. ##
## ---------------- ##

ac_cv_build=i686-pc-linux-gnu
ac_cv_c_compiler_gnu=yes
ac_cv_c_const=yes
ac_cv_env_CC_set=set
ac_cv_env_CC_value='mips-linux-uclibc-gcc -mips32r2 -msoft-float'
ac_cv_env_CFLAGS_set=set
ac_cv_env_CFLAGS_value='-g -O2 -Wall -mips32r2 -muclibc'
ac_cv_env_CPPFLAGS_set=
ac_cv_env_CPPFLAGS_value=
ac_cv_env_CPP_set=
ac_cv_env_CPP_value=
ac_cv_env_LDFLAGS_set=
ac_cv_env_LDFLAGS_value=
ac_cv_env_LIBS_set=
ac_cv_env_LIBS_value=
ac_cv_env_build_alias_set=
ac_cv_env_build_alias_value=
ac_cv_env_host_alias_set=set
ac_cv_env_host_alias_value=mips-linux-uclibc
ac_cv_env_target_alias_set=
ac_cv_env_target_alias_value=
ac_cv_func_malloc_0_nonnull=no
ac_cv_func_memset=yes
ac_cv_func_realloc_0_nonnull=no
ac_cv_func_setlocale=yes
ac_cv_header_dlfcn_h=yes
ac_cv_header_inttypes_h=yes
ac_cv_header_locale_h=yes
ac_cv_header_memory_h=yes
ac_cv_header_stdbool_h=yes
ac_cv_header_stdc=yes
ac_cv_header_stdint_h=yes
ac_cv_header_stdlib_h=yes
ac_cv_header_string_h=yes
ac_cv_header_strings_h=yes
ac_cv_header_sys_stat_h=yes
ac_cv_header_sys_types_h=yes
ac_cv_header_unistd_h=yes
ac_cv_host=mips-unknown-linux-uclibc
ac_cv_objext=o
ac_cv_path_EGREP='/bin/grep -E'
ac_cv_path_FGREP='/bin/grep -F'
ac_cv_path_GREP=/bin/grep
ac_cv_path_SED=/bin/sed
ac_cv_path_install='/usr/bin/install -c'
ac_cv_path_mkdir=/bin/mkdir
ac_cv_prog_AR=mips-linux-uclibc-ar
ac_cv_prog_AWK=gawk
ac_cv_prog_CC='mips-linux-uclibc-gcc -mips32r2 -msoft-float'
ac_cv_prog_CPP='mips-linux-uclibc-gcc -mips32r2 -msoft-float -E'
ac_cv_prog_OBJDUMP=mips-linux-uclibc-objdump
ac_cv_prog_RANLIB=mips-linux-uclibc-ranlib
ac_cv_prog_STRIP=mips-linux-uclibc-strip
ac_cv_prog_ac_ct_MANIFEST_TOOL=mt
ac_cv_prog_cc_c89=
ac_cv_prog_cc_g=yes
ac_cv_prog_cc_mips_linux_uclibc_gcc_c_o=yes
ac_cv_prog_make_make_set=yes
ac_cv_type__Bool=yes
ac_cv_type_size_t=yes
am_cv_CC_dependencies_compiler_type=gcc3
lt_cv_ar_at_file=@
lt_cv_archive_cmds_need_lc=no
lt_cv_deplibs_check_method=pass_all
lt_cv_file_magic_cmd='$MAGIC_CMD'
lt_cv_file_magic_test_file=
lt_cv_ld_reload_flag=-r
lt_cv_nm_interface='BSD nm'
lt_cv_objdir=.libs
lt_cv_path_LD=/mtkeda/bbn/trendchip/mips-linux-uclibc/usr/mips-linux-uclibc/bin/ld
lt_cv_path_NM='/opt/trendchip/mips-linux-uclibc/usr/bin/mips-linux-uclibc-nm -B'
lt_cv_path_mainfest_tool=no
lt_cv_prog_compiler_c_o=yes
lt_cv_prog_compiler_pic='-fPIC -DPIC'
lt_cv_prog_compiler_pic_works=yes
lt_cv_prog_compiler_rtti_exceptions=no
lt_cv_prog_compiler_static_works=yes
lt_cv_prog_gnu_ld=yes
lt_cv_sharedlib_from_linklib_cmd='printf %s\n'
lt_cv_shlibpath_overrides_runpath=no
lt_cv_sys_global_symbol_pipe='sed -n -e '\''s/^.*[	 ]\([ABCDGIRSTW][ABCDGIRSTW]*\)[	 ][	 ]*\([_A-Za-z][_A-Za-z0-9]*\)$/\1 \2 \2/p'\'' | sed '\''/ __gnu_lto/d'\'''
lt_cv_sys_global_symbol_to_c_name_address='sed -n -e '\''s/^: \([^ ]*\)[ ]*$/  {\"\1\", (void *) 0},/p'\'' -e '\''s/^[ABCDGIRSTW]* \([^ ]*\) \([^ ]*\)$/  {"\2", (void *) \&\2},/p'\'''
lt_cv_sys_global_symbol_to_c_name_address_lib_prefix='sed -n -e '\''s/^: \([^ ]*\)[ ]*$/  {\"\1\", (void *) 0},/p'\'' -e '\''s/^[ABCDGIRSTW]* \([^ ]*\) \(lib[^ ]*\)$/  {"\2", (void *) \&\2},/p'\'' -e '\''s/^[ABCDGIRSTW]* \([^ ]*\) \([^ ]*\)$/  {"lib\2", (void *) \&\2},/p'\'''
lt_cv_sys_global_symbol_to_cdecl='sed -n -e '\''s/^T .* \(.*\)$/extern int \1();/p'\'' -e '\''s/^[ABCDGIRSTW]* .* \(.*\)$/extern char \1;/p'\'''
lt_cv_sys_max_cmd_len=98304
lt_cv_to_host_file_cmd=func_convert_file_noop
lt_cv_to_tool_file_cmd=func_convert_file_noop

## ----------------- ##
## Output variables. ##
## ----------------- ##

ACLOCAL='${SHELL} /proj/osbnbuilder/52538/BBN_Linux/Branch/SDK/tclinux_phoenix/apps/public/libjson-1.5/json-1.5/missing --run aclocal-1.11'
AMDEPBACKSLASH='\'
AMDEP_FALSE='#'
AMDEP_TRUE=''
AMTAR='$${TAR-tar}'
AR='mips-linux-uclibc-ar'
AUTOCONF='${SHELL} /proj/osbnbuilder/52538/BBN_Linux/Branch/SDK/tclinux_phoenix/apps/public/libjson-1.5/json-1.5/missing --run autoconf'
AUTOHEADER='${SHELL} /proj/osbnbuilder/52538/BBN_Linux/Branch/SDK/tclinux_phoenix/apps/public/libjson-1.5/json-1.5/missing --run autoheader'
AUTOMAKE='${SHELL} /proj/osbnbuilder/52538/BBN_Linux/Branch/SDK/tclinux_phoenix/apps/public/libjson-1.5/json-1.5/missing --run automake-1.11'
AWK='gawk'
CC='mips-linux-uclibc-gcc -mips32r2 -msoft-float'
CCDEPMODE='depmode=gcc3'
CFLAGS='-g -O2 -Wall -mips32r2 -muclibc'
CPP='mips-linux-uclibc-gcc -mips32r2 -msoft-float -E'
CPPFLAGS=''
CYGPATH_W='echo'
DEFS='-DHAVE_CONFIG_H'
DEPDIR='.deps'
DLLTOOL='false'
DSYMUTIL=''
DUMPBIN=''
ECHO_C=''
ECHO_N='-n'
ECHO_T=''
EGREP='/bin/grep -E'
EXEEXT=''
FGREP='/bin/grep -F'
GREP='/bin/grep'
INSTALL_DATA='${INSTALL} -m 644'
INSTALL_PROGRAM='${INSTALL}'
INSTALL_SCRIPT='${INSTALL}'
INSTALL_STRIP_PROGRAM='$(install_sh) -c -s'
LD='/mtkeda/bbn/trendchip/mips-linux-uclibc/usr/mips-linux-uclibc/bin/ld'
LDFLAGS=''
LIBOBJS=' ${LIBOBJDIR}malloc$U.o ${LIBOBJDIR}realloc$U.o'
LIBS=''
LIBTOOL='$(SHELL) $(top_builddir)/libtool'
LIPO=''
LN_S='ln -s'
LTLIBOBJS=' ${LIBOBJDIR}malloc$U.lo ${LIBOBJDIR}realloc$U.lo'
MAKEINFO='${SHELL} /proj/osbnbuilder/52538/BBN_Linux/Branch/SDK/tclinux_phoenix/apps/public/libjson-1.5/json-1.5/missing --run makeinfo'
MANIFEST_TOOL=':'
MILESTONE='1.5'
MKDIR_P='/bin/mkdir -p'
NM='/opt/trendchip/mips-linux-uclibc/usr/bin/mips-linux-uclibc-nm -B'
NMEDIT=''
OBJDUMP='mips-linux-uclibc-objdump'
OBJEXT='o'
OTOOL64=''
OTOOL=''
PACKAGE='json'
PACKAGE_BUGREPORT=''
PACKAGE_NAME='json'
PACKAGE_STRING='json 1.5'
PACKAGE_TARNAME='json'
PACKAGE_URL=''
PACKAGE_VERSION='1.5'
PATH_SEPARATOR=':'
RANLIB='mips-linux-uclibc-ranlib'
SED='/bin/sed'
SET_MAKE=''
SHELL='/bin/sh'
STRIP='mips-linux-uclibc-strip'
VERSION='1.5'
ac_ct_AR=''
ac_ct_CC=''
ac_ct_DUMPBIN=''
am__EXEEXT_FALSE=''
am__EXEEXT_TRUE='#'
am__fastdepCC_FALSE='#'
am__fastdepCC_TRUE=''
am__include='include'
am__isrc=''
am__leading_dot='.'
am__nodep='_no'
am__quote=''
am__tar='$${TAR-tar} chof - "$$tardir"'
am__untar='$${TAR-tar} xf -'
bindir='${exec_prefix}/bin'
build='i686-pc-linux-gnu'
build_alias=''
build_cpu='i686'
build_os='linux-gnu'
build_vendor='pc'
datadir='${datarootdir}'
datarootdir='${prefix}/share'
docdir='${datarootdir}/doc/${PACKAGE_TARNAME}'
dvidir='${docdir}'
exec_prefix='${prefix}'
host='mips-unknown-linux-uclibc'
host_alias='mips-linux-uclibc'
host_cpu='mips'
host_os='linux-uclibc'
host_vendor='unknown'
htmldir='${docdir}'
includedir='/proj/osbnbuilder/52538/BBN_Linux/Branch/SDK/tclinux_phoenix/apps/public/libjson-1.5'
infodir='${datarootdir}/info'
install_sh='${SHELL} /proj/osbnbuilder/52538/BBN_Linux/Branch/SDK/tclinux_phoenix/apps/public/libjson-1.5/json-1.5/install-sh'
libdir='/proj/osbnbuilder/52538/BBN_Linux/Branch/SDK/tclinux_phoenix/apps/public/libjson-1.5'
libexecdir='${exec_prefix}/libexec'
localedir='${datarootdir}/locale'
localstatedir='${prefix}/var'
mandir='${datarootdir}/man'
mkdir_p='/bin/mkdir -p'
oldincludedir='/usr/include'
pdfdir='${docdir}'
prefix='/proj/osbnbuilder/52538/BBN_Linux/Branch/SDK/tclinux_phoenix/apps/public/libjson-1.5'
program_transform_name='s,x,x,'
psdir='${docdir}'
sbindir='${exec_prefix}/sbin'
sharedstatedir='${prefix}/com'
sysconfdir='${prefix}/etc'
target_alias=''

## ----------- ##
## confdefs.h. ##
## ----------- ##

/* confdefs.h */
#define PACKAGE_NAME "json"
#define PACKAGE_TARNAME "json"
#define PACKAGE_VERSION "1.5"
#define PACKAGE_STRING "json 1.5"
#define PACKAGE_BUGREPORT ""
#define PACKAGE_URL ""
#define PACKAGE "json"
#define VERSION "1.5"
#define STDC_HEADERS 1
#define HAVE_SYS_TYPES_H 1
#define HAVE_SYS_STAT_H 1
#define HAVE_STDLIB_H 1
#define HAVE_STRING_H 1
#define HAVE_MEMORY_H 1
#define HAVE_STRINGS_H 1
#define HAVE_INTTYPES_H 1
#define HAVE_STDINT_H 1
#define HAVE_UNISTD_H 1
#define HAVE_DLFCN_H 1
#define LT_OBJDIR ".libs/"
#define STDC_HEADERS 1
#define HAVE_LOCALE_H 1
#define HAVE_MEMORY_H 1
#define HAVE_STDLIB_H 1
#define HAVE_STRING_H 1
#define HAVE__BOOL 1
#define HAVE_STDBOOL_H 1
#define HAVE_STDLIB_H 1
#define HAVE_MALLOC 0
#define malloc rpl_malloc
#define HAVE_STDLIB_H 1
#define HAVE_REALLOC 0
#define realloc rpl_realloc
#define HAVE_MEMSET 1
#define HAVE_SETLOCALE 1

configure: exit 0
